\BOOKMARK [0][]{chapter.1}{\376\377\0001\000\040\000W\000s\000t\001\031\000p}{}% 1
\BOOKMARK [0][]{chapter.2}{\376\377\0002\000\040\000H\000i\000s\000t\000o\000r\000i\000a}{}% 2
\BOOKMARK [1][]{section.2.1}{\376\377\0002\000.\0001\000\040\000S\000c\000a\000u\000t\000i\000n\000g}{chapter.2}% 3
\BOOKMARK [1][]{section.2.2}{\376\377\0002\000.\0002\000\040\000P\000o\000w\000s\000t\000a\000n\000i\000e\000\040\000h\000a\000r\000c\000e\000r\000s\000t\000w\000a\000\040\000w\000\040\000P\000o\000l\000s\000c\000e\000.\000\040\000h\000a\000r\000c\000e\000r\000s\000t\000w\000o\000\040\000w\000\040\000I\000I\000\040\000R\000z\000e\000c\000z\000y\000p\000o\000s\000p\000o\000l\000i\000t\000e\000j}{chapter.2}% 4
\BOOKMARK [1][]{section.2.3}{\376\377\0002\000.\0003\000\040\000H\000a\000r\000c\000e\000r\000s\000t\000w\000o\000\040\000p\000o\000d\000c\000z\000a\000s\000\040\000I\000I\000\040\000w\000o\000j\000n\000y\000\040\001\133\000w\000i\000a\000t\000o\000w\000e\000j}{chapter.2}% 5
\BOOKMARK [1][]{section.2.4}{\376\377\0002\000.\0004\000\040\000H\000a\000r\000c\000e\000r\000s\000t\000w\000o\000\040\000w\000\040\000P\000R\000L\000\040\000i\000\040\000w\000\040\000I\000I\000I\000\040\000R\000z\000e\000c\000z\000y\000p\000o\000s\000p\000o\000l\000i\000t\000e\000j}{chapter.2}% 6
\BOOKMARK [0][]{chapter.3}{\376\377\0003\000\040\000S\000y\000s\000t\000e\000m\000\040\000z\000a\000s\000t\001\031\000p\000o\000w\000y}{}% 7
\BOOKMARK [1][]{section.3.1}{\376\377\0003\000.\0001\000\040\000W\000s\000t\001\031\000p}{chapter.3}% 8
\BOOKMARK [1][]{section.3.2}{\376\377\0003\000.\0002\000\040\000Z\000a\000s\000t\001\031\000p}{chapter.3}% 9
\BOOKMARK [1][]{section.3.3}{\376\377\0003\000.\0003\000\040\000Z\000a\000s\000t\001\031\000p\000o\000w\000y}{chapter.3}% 10
\BOOKMARK [1][]{section.3.4}{\376\377\0003\000.\0004\000\040\000D\000u\000c\000h\000o\000w\000o\001\133\001\007\000\040\000z\000a\000s\000t\001\031\000p\000o\000w\000e\000g\000o}{chapter.3}% 11
\BOOKMARK [0][]{chapter.4}{\376\377\0004\000\040\000D\000z\000i\000a\001\102\000a\000n\000i\000a\000\040\000z\000a\000s\000t\001\031\000p\000u}{}% 12
\BOOKMARK [1][]{section.4.1}{\376\377\0004\000.\0001\000\040\000P\000l\000a\000n\000\040\000p\000r\000a\000c\000y\000\040\000z\000a\000s\000t\001\031\000p\000u}{chapter.4}% 13
\BOOKMARK [1][]{section.4.2}{\376\377\0004\000.\0002\000\040\000O\000b\000r\000z\001\031\000d\000o\000w\001\133\001\007\000\040\000z\000a\000s\000t\001\031\000p\000u}{chapter.4}% 14
\BOOKMARK [1][]{section.4.3}{\376\377\0004\000.\0003\000\040\000Z\000b\000i\000\363\000r\000k\000a\000\040\000z\000a\000s\000t\001\031\000p\000u}{chapter.4}% 15
\BOOKMARK [1][]{section.4.4}{\376\377\0004\000.\0004\000\040\000Z\000a\000s\000a\000d\000y\000\040\000d\000o\000b\000r\000e\000j\000\040\000\050\000T\000w\000o\000j\000e\000j\000\051\000\040\000z\000b\000i\000\363\000r\000k\000i}{chapter.4}% 16
\BOOKMARK [1][]{section.4.5}{\376\377\0004\000.\0005\000\040\000K\000o\000n\000f\000l\000i\000k\000t\000y\000\040\000i\000\040\000p\000r\000o\000b\000l\000e\000m\000y\000\040\000w\000\040\000z\000a\000s\000t\001\031\000p\000i\000e}{chapter.4}% 17
\BOOKMARK [1][]{section.4.6}{\376\377\0004\000.\0006\000\040\000N\000a\000g\000r\000o\000d\000y\000\040\000i\000\040\000k\000a\000r\000y}{chapter.4}% 18
\BOOKMARK [1][]{section.4.7}{\376\377\0004\000.\0007\000\040\000S\000i\000e\001\007\000\040\000a\000l\000a\000r\000m\000o\000w\000a\000\040\000z\000a\000s\000t\001\031\000p\000u}{chapter.4}% 19
\BOOKMARK [0][]{chapter.5}{\376\377\0005\000\040\000T\000e\000c\000h\000n\000i\000k\000i\000\040\000h\000a\000r\000c\000e\000r\000s\000k\000i\000e}{}% 20
\BOOKMARK [1][]{section.5.1}{\376\377\0005\000.\0001\000\040\000T\000e\000r\000e\000n\000o\000z\000n\000a\000w\000s\000t\000w\000o}{chapter.5}% 21
\BOOKMARK [1][]{section.5.2}{\376\377\0005\000.\0002\000\040\001\101\001\005\000c\000z\000n\000o\001\133\001\007}{chapter.5}% 22
\BOOKMARK [1][]{section.5.3}{\376\377\0005\000.\0003\000\040\000S\000z\000y\000f\000r\000y}{chapter.5}% 23
\BOOKMARK [0][]{chapter.6}{\376\377\0006\000\040\000B\000i\000b\000l\000i\000o\000t\000e\000c\000z\000k\000a\000\040\000z\000a\000s\000t\001\031\000p\000o\000w\000e\000g\000o}{}% 24
\BOOKMARK [0][]{chapter.7}{\376\377\0007\000\040\000A\000u\000t\000o\000r\000z\000y\000\040\000t\000r\000e\001\133\000c\000i}{}% 25
